1: 
2: /**
3:  * Author: Bruce Eckel 
4:  * Thinking in Java
5:  * @version 4.0 
6:  */
7: 
8: /**
9:  *
10:  */
11: 
12: import java.io.*;
13: 
14: public class FileOutputShortcut {
15:     static String file = "FileOutputShortcut.out";
16: 
17:     public static void main(String[] args) throws IOException {
18:         BufferedReader in = new BufferedReader(new StringReader(
19:                     BufferedInputFile.read("FileOutputShortcut.java")));
20:         PrintWriter out = new PrintWriter(file);
21:         int lineCount = 1;
22:         String s;
23:         while((s = in.readLine()) != null) {
24:             out.println(lineCount++ + ": " + s);
25:         }
26:         out.close();
27:         System.out.println(BufferedInputFile.read(file));
28:     }
29: }
30: 
31: /*
32: output:
33: 
34: */
